  func.cpp
E:\Lab 2.0\ksks\udp_client-server_parser\udp_server\winForm\serverH.h(24,30): warning C4018: <: несоответствие типов со знаком и без знака
E:\Lab 2.0\ksks\udp_client-server_parser\udp_server\winForm\func.cpp(26,26): warning C4018: <: несоответствие типов со знаком и без знака
E:\Lab 2.0\ksks\udp_client-server_parser\udp_server\winForm\func.cpp(117,9): warning C4996: 'sprintf': This function or variable may be unsafe. Consider using sprintf_s instead. To disable deprecation, use _CRT_SECURE_NO_WARNINGS. See online help for details.
E:\Lab 2.0\ksks\udp_client-server_parser\udp_server\winForm\func.cpp(161,13): warning C4996: 'sprintf': This function or variable may be unsafe. Consider using sprintf_s instead. To disable deprecation, use _CRT_SECURE_NO_WARNINGS. See online help for details.
E:\Lab 2.0\ksks\udp_client-server_parser\udp_server\winForm\func.cpp(256,5): warning C4996: 'sprintf': This function or variable may be unsafe. Consider using sprintf_s instead. To disable deprecation, use _CRT_SECURE_NO_WARNINGS. See online help for details.
E:\Lab 2.0\ksks\udp_client-server_parser\udp_server\winForm\func.cpp(261,5): warning C4996: 'sprintf': This function or variable may be unsafe. Consider using sprintf_s instead. To disable deprecation, use _CRT_SECURE_NO_WARNINGS. See online help for details.
E:\Lab 2.0\ksks\udp_client-server_parser\udp_server\winForm\func.cpp(280,26): warning C4018: <: несоответствие типов со знаком и без знака
E:\Lab 2.0\ksks\udp_client-server_parser\udp_server\winForm\func.cpp(324,26): warning C4018: <: несоответствие типов со знаком и без знака
E:\Lab 2.0\ksks\udp_client-server_parser\udp_server\winForm\func.cpp(327,30): warning C4018: <: несоответствие типов со знаком и без знака
E:\Lab 2.0\ksks\udp_client-server_parser\udp_server\winForm\func.cpp(257): warning C4172: возвращение адреса локальной или временной переменной : temp
E:\Lab 2.0\ksks\udp_client-server_parser\udp_server\winForm\func.cpp(262): warning C4172: возвращение адреса локальной или временной переменной : temp
E:\Lab 2.0\ksks\udp_client-server_parser\udp_server\winForm\serverH.h(22): warning C4793: Command::Command: функция скомпилирована как машинная:
  	varargs не поддерживаются в /clr
  MyForm.obj : обнаружен модуль MSIL; для MSIL последовательная компоновка отключена; выполняется полная компоновка
bgi.lib(winthread.obj) : warning LNK4075: не учитывается "/EDITANDCONTINUE" из-за спецификации "/INCREMENTAL:NO"
bgi.lib(dibutil.obj) : warning LNK4099: "bgi.pdb" PDB не найден с "bgi.lib(dibutil.obj)" или на "E:\Lab 2.0\ksks\udp_client-server_parser\udp_server\Debug\bgi.pdb"; компоновка объекта выполняется как при отсутствии отладочных данных
bgi.lib(drawing.obj) : warning LNK4099: "bgi.pdb" PDB не найден с "bgi.lib(drawing.obj)" или на "E:\Lab 2.0\ksks\udp_client-server_parser\udp_server\Debug\bgi.pdb"; компоновка объекта выполняется как при отсутствии отладочных данных
bgi.lib(file.obj) : warning LNK4099: "bgi.pdb" PDB не найден с "bgi.lib(file.obj)" или на "E:\Lab 2.0\ksks\udp_client-server_parser\udp_server\Debug\bgi.pdb"; компоновка объекта выполняется как при отсутствии отладочных данных
bgi.lib(misc.obj) : warning LNK4099: "bgi.pdb" PDB не найден с "bgi.lib(misc.obj)" или на "E:\Lab 2.0\ksks\udp_client-server_parser\udp_server\Debug\bgi.pdb"; компоновка объекта выполняется как при отсутствии отладочных данных
bgi.lib(text.obj) : warning LNK4099: "bgi.pdb" PDB не найден с "bgi.lib(text.obj)" или на "E:\Lab 2.0\ksks\udp_client-server_parser\udp_server\Debug\bgi.pdb"; компоновка объекта выполняется как при отсутствии отладочных данных
bgi.lib(winbgi.obj) : warning LNK4099: "bgi.pdb" PDB не найден с "bgi.lib(winbgi.obj)" или на "E:\Lab 2.0\ksks\udp_client-server_parser\udp_server\Debug\bgi.pdb"; компоновка объекта выполняется как при отсутствии отладочных данных
bgi.lib(winthread.obj) : warning LNK4099: "bgi.pdb" PDB не найден с "bgi.lib(winthread.obj)" или на "E:\Lab 2.0\ksks\udp_client-server_parser\udp_server\Debug\bgi.pdb"; компоновка объекта выполняется как при отсутствии отладочных данных
  winForm.vcxproj -> E:\Lab 2.0\ksks\udp_client-server_parser\udp_server\Debug\winForm.exe
